<?xml version="1.0" encoding="UTF-8"?>
<!-- Generated by org.testng.reporters.JUnitReportReporter -->
<testsuite skipped="0" hostname="HDRRPA3" name="tests.TestScripts" tests="7" failures="0" timestamp="17 Dec 2018 13:27:30 GMT" time="89.997" errors="0">
  <testcase name="validLoginTest" time="11.252" classname="tests.TestScripts"/>
  <testcase name="registerTest1" time="12.895" classname="tests.TestScripts"/>
  <testcase name="invalidLoginTest1" time="21.488" classname="tests.TestScripts"/>
  <testcase name="invalidLoginTest3" time="9.364" classname="tests.TestScripts"/>
  <testcase name="registerTest" time="15.016" classname="tests.TestScripts"/>
  <testcase name="invalidLoginTest2" time="11.110" classname="tests.TestScripts"/>
  <testcase name="invalidLoginTest" time="8.872" classname="tests.TestScripts"/>
</testsuite> <!-- tests.TestScripts -->
