<?xml version="1.0" encoding="UTF-8"?>
<!-- Generated by org.testng.reporters.JUnitReportReporter -->
<testsuite hostname="HDRRPA2" name="Scripts.AadharVerificationTestScript" tests="3" failures="0" timestamp="20 Feb 2019 11:54:02 GMT" time="47.757" errors="0">
  <testcase name="invalid_aadhar_id" time="15.535" classname="Scripts.AadharVerificationTestScript"/>
  <testcase name="blank_aadhar_id" time="16.511" classname="Scripts.AadharVerificationTestScript"/>
  <testcase name="valid_aadhar_id" time="15.711" classname="Scripts.AadharVerificationTestScript"/>
</testsuite> <!-- Scripts.AadharVerificationTestScript -->
