<?xml version="1.0" encoding="UTF-8"?>
<!-- Generated by org.testng.reporters.JUnitReportReporter -->
<testsuite hostname="HDRRPA2" name="Scripts.AadharVerificationTestScript" tests="3" failures="0" timestamp="20 Feb 2019 13:01:03 GMT" time="46.993" errors="0">
  <testcase name="blank_aadhar_id" time="15.551" classname="Scripts.AadharVerificationTestScript"/>
  <testcase name="invalid_aadhar_id" time="15.357" classname="Scripts.AadharVerificationTestScript"/>
  <testcase name="valid_aadhar_id" time="16.085" classname="Scripts.AadharVerificationTestScript"/>
</testsuite> <!-- Scripts.AadharVerificationTestScript -->
