<?xml version="1.0" encoding="UTF-8"?>
<!-- Generated by org.testng.reporters.JUnitReportReporter -->
<testsuite hostname="HDRRPA2" name="Scripts.UserTestScript" tests="10" failures="0" timestamp="20 Feb 2019 13:01:03 GMT" time="87.810" errors="0">
  <testcase name="RegistrationFormTest_EmptyEmailId" time="8.597" classname="Scripts.UserTestScript"/>
  <testcase name="RegistrationFormTest_EmptyFirstName" time="9.046" classname="Scripts.UserTestScript"/>
  <testcase name="RegistrationFormTest_EmptyLastName" time="9.574" classname="Scripts.UserTestScript"/>
  <testcase name="RegistrationFormTest_EmptyPanNumber" time="8.507" classname="Scripts.UserTestScript"/>
  <testcase name="RegistrationFormTest_EmptyFlatNoOrBuildingName" time="8.230" classname="Scripts.UserTestScript"/>
  <testcase name="RegistrationFormTest_EmptyMiddleName" time="8.504" classname="Scripts.UserTestScript"/>
  <testcase name="RegistrationFormTest_EmptySourceOfFunds" time="8.632" classname="Scripts.UserTestScript"/>
  <testcase name="RegistrationFormTest_EmptyMobileNumber" time="10.081" classname="Scripts.UserTestScript"/>
  <testcase name="RegistrationFormTest_EmptyCity" time="8.112" classname="Scripts.UserTestScript"/>
  <testcase name="RegistrationFormTest_EmptyAadharNumber" time="8.527" classname="Scripts.UserTestScript"/>
</testsuite> <!-- Scripts.UserTestScript -->
