<?xml version="1.0" encoding="UTF-8"?>
<!-- Generated by org.testng.reporters.JUnitReportReporter -->
<testsuite hostname="HDRRPA2" name="Scripts.DemoAadharScript" tests="6" failures="0" timestamp="11 Feb 2019 06:48:58 GMT" time="88.279" errors="0">
  <testcase name="Aadhar_Login_BlankUserName_BlankPwd" time="14.372" classname="Scripts.DemoAadharScript"/>
  <testcase name="Aadhar_Login_ValidUserName_BlankPwd" time="15.242" classname="Scripts.DemoAadharScript"/>
  <testcase name="Aadhar_Login_ValidUserName_InvalidPwd" time="14.540" classname="Scripts.DemoAadharScript"/>
  <testcase name="Aadhar_Login_BlankUserName_ValidPwd" time="14.683" classname="Scripts.DemoAadharScript"/>
  <testcase name="Aadhar_Login_ValidUserName_ValidPwd" time="15.265" classname="Scripts.DemoAadharScript"/>
  <testcase name="Aadhar_Login_InvalidUserName" time="14.177" classname="Scripts.DemoAadharScript"/>
</testsuite> <!-- Scripts.DemoAadharScript -->
