<?xml version="1.0" encoding="UTF-8"?>
<!-- Generated by org.testng.reporters.JUnitReportReporter -->
<testsuite hostname="HDRRPA2" name="Scripts.NSDLLoginTestScript" tests="6" failures="0" timestamp="20 Feb 2019 13:23:50 GMT" time="77.424" errors="0">
  <testcase name="NSDL_Login_BlankUserName_BlankPwd" time="12.198" classname="Scripts.NSDLLoginTestScript"/>
  <testcase name="NSDL_Login_ValidUserName_ValidPwd" time="14.112" classname="Scripts.NSDLLoginTestScript"/>
  <testcase name="NSDL_Login_ValidUserName_BlankPwd" time="12.219" classname="Scripts.NSDLLoginTestScript"/>
  <testcase name="NSDL_Login_BlankUserName_ValidPwd" time="13.205" classname="Scripts.NSDLLoginTestScript"/>
  <testcase name="NSDL_Login_InvalidUserName" time="13.266" classname="Scripts.NSDLLoginTestScript"/>
  <testcase name="NSDL_Login_ValidUserName_InvalidPwd" time="12.424" classname="Scripts.NSDLLoginTestScript"/>
</testsuite> <!-- Scripts.NSDLLoginTestScript -->
