<?xml version="1.0" encoding="UTF-8"?>
<!-- Generated by org.testng.reporters.JUnitReportReporter -->
<testsuite hostname="HDRRPA2" name="Scripts.PassportLoginTestScript" tests="6" failures="0" timestamp="20 Feb 2019 11:57:17 GMT" time="62.026" errors="0">
  <testcase name="Passport_Login_ValidUserName_BlankPwd" time="10.363" classname="Scripts.PassportLoginTestScript"/>
  <testcase name="Passport_Login_BlankUserName_BlankPwd" time="10.256" classname="Scripts.PassportLoginTestScript"/>
  <testcase name="Passport_Login_ValidUserName_InvalidPwd" time="9.541" classname="Scripts.PassportLoginTestScript"/>
  <testcase name="Passport_Login_ValidUserName_ValidPwd" time="11.399" classname="Scripts.PassportLoginTestScript"/>
  <testcase name="Passport_Login_InvalidUserName" time="10.374" classname="Scripts.PassportLoginTestScript"/>
  <testcase name="Passport_Login_BlankUserName_ValidPwd" time="10.093" classname="Scripts.PassportLoginTestScript"/>
</testsuite> <!-- Scripts.PassportLoginTestScript -->
