<?xml version="1.0" encoding="UTF-8"?>
<!-- Generated by org.testng.reporters.JUnitReportReporter -->
<testsuite hostname="HDRRPA2" name="Scripts.LoginTestScript" tests="6" failures="0" timestamp="29 Jan 2019 09:58:19 GMT" time="56.926" errors="0">
  <testcase name="Home_Login_ValidUserName_InvalidPwd" time="9.292" classname="Scripts.LoginTestScript"/>
  <testcase name="Home_Login_ValidUserName_BlankPwd" time="9.091" classname="Scripts.LoginTestScript"/>
  <testcase name="Home_Login_InvalidUserName" time="8.758" classname="Scripts.LoginTestScript"/>
  <testcase name="Home_Login_BlankUserName_BlankPwd" time="8.889" classname="Scripts.LoginTestScript"/>
  <testcase name="Home_Login_BlankUserName_ValidPwd" time="11.626" classname="Scripts.LoginTestScript"/>
  <testcase name="Home_Login_ValidUserName_ValidPwd" time="9.270" classname="Scripts.LoginTestScript"/>
</testsuite> <!-- Scripts.LoginTestScript -->
