<?xml version="1.0" encoding="UTF-8"?>
<!-- Generated by org.testng.reporters.JUnitReportReporter -->
<testsuite hostname="HDRRPA2" name="Scripts.LoginTestScript" tests="6" failures="0" timestamp="20 Feb 2019 12:14:00 GMT" time="35.570" errors="0">
  <testcase name="Home_Login_ValidUserName_InvalidPwd" time="5.443" classname="Scripts.LoginTestScript"/>
  <testcase name="Home_Login_BlankUserName_ValidPwd" time="5.581" classname="Scripts.LoginTestScript"/>
  <testcase name="Home_Login_BlankUserName_BlankPwd" time="5.627" classname="Scripts.LoginTestScript"/>
  <testcase name="Home_Login_ValidUserName_BlankPwd" time="7.449" classname="Scripts.LoginTestScript"/>
  <testcase name="Home_Login_ValidUserName_ValidPwd" time="6.082" classname="Scripts.LoginTestScript"/>
  <testcase name="Home_Login_InvalidUserName" time="5.388" classname="Scripts.LoginTestScript"/>
</testsuite> <!-- Scripts.LoginTestScript -->
