<?xml version="1.0" encoding="UTF-8"?>
<!-- Generated by org.testng.reporters.JUnitReportReporter -->
<testsuite hostname="HDRRPA2" name="Scripts.PassportVerificationTestScript" tests="3" failures="0" timestamp="20 Feb 2019 11:57:17 GMT" time="41.586" errors="0">
  <testcase name="invalid_passport_number" time="13.986" classname="Scripts.PassportVerificationTestScript"/>
  <testcase name="blank_passport_number" time="13.474" classname="Scripts.PassportVerificationTestScript"/>
  <testcase name="valid_passport_number" time="14.126" classname="Scripts.PassportVerificationTestScript"/>
</testsuite> <!-- Scripts.PassportVerificationTestScript -->
