<?xml version="1.0" encoding="UTF-8"?>
<!-- Generated by org.testng.reporters.JUnitReportReporter -->
<testsuite hostname="HDRRPA2" name="Scripts.UserTestScript" tests="10" failures="0" timestamp="20 Feb 2019 12:14:00 GMT" time="87.411" errors="0">
  <testcase name="RegistrationFormTest_EmptyFirstName" time="9.368" classname="Scripts.UserTestScript"/>
  <testcase name="RegistrationFormTest_EmptyLastName" time="8.805" classname="Scripts.UserTestScript"/>
  <testcase name="RegistrationFormTest_EmptyEmailId" time="8.744" classname="Scripts.UserTestScript"/>
  <testcase name="RegistrationFormTest_EmptyPanNumber" time="8.042" classname="Scripts.UserTestScript"/>
  <testcase name="RegistrationFormTest_EmptyAadharNumber" time="9.396" classname="Scripts.UserTestScript"/>
  <testcase name="RegistrationFormTest_EmptyCity" time="8.456" classname="Scripts.UserTestScript"/>
  <testcase name="RegistrationFormTest_EmptyMiddleName" time="8.670" classname="Scripts.UserTestScript"/>
  <testcase name="RegistrationFormTest_EmptyMobileNumber" time="7.890" classname="Scripts.UserTestScript"/>
  <testcase name="RegistrationFormTest_EmptySourceOfFunds" time="8.836" classname="Scripts.UserTestScript"/>
  <testcase name="RegistrationFormTest_EmptyFlatNoOrBuildingName" time="9.204" classname="Scripts.UserTestScript"/>
</testsuite> <!-- Scripts.UserTestScript -->
