<?xml version="1.0" encoding="UTF-8"?>
<!-- Generated by org.testng.reporters.JUnitReportReporter -->
<testsuite hostname="HDRRPA2" name="Scripts.PassportVerificationTestScript" tests="3" failures="0" timestamp="20 Feb 2019 13:23:50 GMT" time="49.365" errors="0">
  <testcase name="invalid_passport_number" time="16.445" classname="Scripts.PassportVerificationTestScript"/>
  <testcase name="valid_passport_number" time="18.001" classname="Scripts.PassportVerificationTestScript"/>
  <testcase name="blank_passport_number" time="14.919" classname="Scripts.PassportVerificationTestScript"/>
</testsuite> <!-- Scripts.PassportVerificationTestScript -->
