<?xml version="1.0" encoding="UTF-8"?>
<!-- Generated by org.testng.reporters.JUnitReportReporter -->
<testsuite hostname="HDRRPA2" name="Scripts.Userscript" tests="1" failures="0" timestamp="24 Jan 2019 13:09:15 GMT" time="9.979" errors="0">
  <testcase name="RegistrationFormTest_EmptyFirstName" time="9.979" classname="Scripts.Userscript"/>
</testsuite> <!-- Scripts.Userscript -->
