<?xml version="1.0" encoding="UTF-8"?>
<!-- Generated by org.testng.reporters.JUnitReportReporter -->
<testsuite hostname="HDRRPA2" name="Scripts.AadharLoginTestScript" tests="1" failures="0" timestamp="13 Feb 2019 06:31:45 GMT" time="28.303" errors="0">
  <testcase name="Aadhar_Login_ValidUserName_ValidPwd" time="28.303" classname="Scripts.AadharLoginTestScript"/>
</testsuite> <!-- Scripts.AadharLoginTestScript -->
