<?xml version="1.0" encoding="UTF-8"?>
<!-- Generated by org.testng.reporters.JUnitReportReporter -->
<testsuite hostname="HDRRPA2" name="Scripts.PassportLoginScript" tests="6" failures="0" timestamp="13 Feb 2019 06:20:11 GMT" time="100.113" errors="0">
  <testcase name="Passport_Login_BlankUserName_BlankPwd" time="16.411" classname="Scripts.PassportLoginScript"/>
  <testcase name="Passport_Login_ValidUserName_ValidPwd" time="16.301" classname="Scripts.PassportLoginScript"/>
  <testcase name="Passport_Login_ValidUserName_BlankPwd" time="16.361" classname="Scripts.PassportLoginScript"/>
  <testcase name="Passport_Login_BlankUserName_ValidPwd" time="14.654" classname="Scripts.PassportLoginScript"/>
  <testcase name="Passport_Login_InvalidUserName" time="19.928" classname="Scripts.PassportLoginScript"/>
  <testcase name="Passport_Login_ValidUserName_InvalidPwd" time="16.458" classname="Scripts.PassportLoginScript"/>
</testsuite> <!-- Scripts.PassportLoginScript -->
