<?xml version="1.0" encoding="UTF-8"?>
<!-- Generated by org.testng.reporters.JUnitReportReporter -->
<testsuite hostname="HDRRPA2" name="Scripts.NSDLVerificationTestScript" tests="3" failures="0" timestamp="13 Feb 2019 05:44:28 GMT" time="40.460" errors="0">
  <testcase name="valid_pan_id" time="12.880" classname="Scripts.NSDLVerificationTestScript"/>
  <testcase name="invalid_pan_id" time="11.369" classname="Scripts.NSDLVerificationTestScript"/>
  <testcase name="blank_pan_id" time="16.211" classname="Scripts.NSDLVerificationTestScript"/>
</testsuite> <!-- Scripts.NSDLVerificationTestScript -->
