<?xml version="1.0" encoding="UTF-8"?>
<!-- Generated by org.testng.reporters.JUnitReportReporter -->
<testsuite hostname="HDRRPA2" name="Scripts.UpdateTestScript" tests="1" failures="0" timestamp="20 Feb 2019 13:01:03 GMT" time="9.839" errors="0">
  <testcase name="Update_FileUpload" time="9.839" classname="Scripts.UpdateTestScript"/>
</testsuite> <!-- Scripts.UpdateTestScript -->
