<?xml version="1.0" encoding="UTF-8"?>
<!-- Generated by org.testng.reporters.JUnitReportReporter -->
<testsuite hostname="HDRRPA2" name="Scripts.UserTestScript" tests="10" failures="0" timestamp="20 Feb 2019 11:54:02 GMT" time="80.727" errors="0">
  <testcase name="RegistrationFormTest_EmptyFirstName" time="8.307" classname="Scripts.UserTestScript"/>
  <testcase name="RegistrationFormTest_EmptyLastName" time="7.867" classname="Scripts.UserTestScript"/>
  <testcase name="RegistrationFormTest_EmptyEmailId" time="7.911" classname="Scripts.UserTestScript"/>
  <testcase name="RegistrationFormTest_EmptyPanNumber" time="7.558" classname="Scripts.UserTestScript"/>
  <testcase name="RegistrationFormTest_EmptyAadharNumber" time="8.845" classname="Scripts.UserTestScript"/>
  <testcase name="RegistrationFormTest_EmptyMiddleName" time="8.049" classname="Scripts.UserTestScript"/>
  <testcase name="RegistrationFormTest_EmptyMobileNumber" time="7.661" classname="Scripts.UserTestScript"/>
  <testcase name="RegistrationFormTest_EmptyCity" time="8.089" classname="Scripts.UserTestScript"/>
  <testcase name="RegistrationFormTest_EmptySourceOfFunds" time="8.049" classname="Scripts.UserTestScript"/>
  <testcase name="RegistrationFormTest_EmptyFlatNoOrBuildingName" time="8.391" classname="Scripts.UserTestScript"/>
</testsuite> <!-- Scripts.UserTestScript -->
