<?xml version="1.0" encoding="UTF-8"?>
<!-- Generated by org.testng.reporters.JUnitReportReporter -->
<testsuite hostname="HDRRPA2" name="Scripts.DemoAadharVerification" tests="3" failures="0" timestamp="11 Feb 2019 08:02:00 GMT" time="80.701" errors="0">
  <testcase name="blank_aadhar_id" time="26.404" classname="Scripts.DemoAadharVerification"/>
  <testcase name="invalid_aadhar_id" time="27.345" classname="Scripts.DemoAadharVerification"/>
  <testcase name="valid_aadhar_id" time="26.952" classname="Scripts.DemoAadharVerification"/>
</testsuite> <!-- Scripts.DemoAadharVerification -->
