<?xml version="1.0" encoding="UTF-8"?>
<!-- Generated by org.testng.reporters.JUnitReportReporter -->
<testsuite hostname="HDRRPA2" name="Scripts.AadharVerificationTestScript" tests="3" failures="0" timestamp="12 Feb 2019 13:22:58 GMT" time="101.564" errors="0">
  <testcase name="blank_aadhar_id" time="35.234" classname="Scripts.AadharVerificationTestScript"/>
  <testcase name="valid_aadhar_id" time="34.596" classname="Scripts.AadharVerificationTestScript"/>
  <testcase name="invalid_aadhar_id" time="31.734" classname="Scripts.AadharVerificationTestScript"/>
</testsuite> <!-- Scripts.AadharVerificationTestScript -->
