<?xml version="1.0" encoding="UTF-8"?>
<!-- Generated by org.testng.reporters.JUnitReportReporter -->
<testsuite hostname="HDRRPA2" name="Scripts.PassportVerificationTestScript" tests="3" failures="0" timestamp="12 Feb 2019 13:31:33 GMT" time="67.944" errors="0">
  <testcase name="invalid_passport_number" time="21.622" classname="Scripts.PassportVerificationTestScript"/>
  <testcase name="valid_passport_number" time="22.448" classname="Scripts.PassportVerificationTestScript"/>
  <testcase name="blank_passport_number" time="23.874" classname="Scripts.PassportVerificationTestScript"/>
</testsuite> <!-- Scripts.PassportVerificationTestScript -->
