<?xml version="1.0" encoding="UTF-8"?>
<!-- Generated by org.testng.reporters.JUnitReportReporter -->
<testsuite hostname="HDRRPA2" name="Scripts.NSDLLoginTestScript" tests="6" failures="0" timestamp="20 Feb 2019 12:14:00 GMT" time="78.081" errors="0">
  <testcase name="NSDL_Login_ValidUserName_InvalidPwd" time="12.485" classname="Scripts.NSDLLoginTestScript"/>
  <testcase name="NSDL_Login_BlankUserName_BlankPwd" time="12.405" classname="Scripts.NSDLLoginTestScript"/>
  <testcase name="NSDL_Login_InvalidUserName" time="13.295" classname="Scripts.NSDLLoginTestScript"/>
  <testcase name="NSDL_Login_ValidUserName_BlankPwd" time="11.978" classname="Scripts.NSDLLoginTestScript"/>
  <testcase name="NSDL_Login_ValidUserName_ValidPwd" time="15.142" classname="Scripts.NSDLLoginTestScript"/>
  <testcase name="NSDL_Login_BlankUserName_ValidPwd" time="12.776" classname="Scripts.NSDLLoginTestScript"/>
</testsuite> <!-- Scripts.NSDLLoginTestScript -->
