<?xml version="1.0" encoding="UTF-8"?>
<!-- Generated by org.testng.reporters.JUnitReportReporter -->
<testsuite hostname="HDRRPA2" name="Scripts.LoginTestScript" tests="6" failures="0" timestamp="25 Jan 2019 11:09:59 GMT" time="42.518" errors="0">
  <testcase name="Home_Login_BlankUserName_BlankPwd" time="6.554" classname="Scripts.LoginTestScript"/>
  <testcase name="Home_Login_ValidUserName_InvalidPwd" time="6.840" classname="Scripts.LoginTestScript"/>
  <testcase name="Home_Login_InvalidUserName" time="7.572" classname="Scripts.LoginTestScript"/>
  <testcase name="Home_Login_ValidUserName_ValidPwd" time="7.389" classname="Scripts.LoginTestScript"/>
  <testcase name="Home_Login_ValidUserName_BlankPwd" time="7.122" classname="Scripts.LoginTestScript"/>
  <testcase name="Home_Login_BlankUserName_ValidPwd" time="7.041" classname="Scripts.LoginTestScript"/>
</testsuite> <!-- Scripts.LoginTestScript -->
