<?xml version="1.0" encoding="UTF-8"?>
<!-- Generated by org.testng.reporters.JUnitReportReporter -->
<testsuite hostname="HDRRPA2" name="Scripts.UpdateTestScript" tests="1" failures="0" timestamp="20 Feb 2019 13:23:50 GMT" time="8.421" errors="0">
  <testcase name="Update_FileUpload" time="8.421" classname="Scripts.UpdateTestScript"/>
</testsuite> <!-- Scripts.UpdateTestScript -->
