<?xml version="1.0" encoding="UTF-8"?>
<!-- Generated by org.testng.reporters.JUnitReportReporter -->
<testsuite hostname="HDRRPA2" name="Scripts.AadharLoginTestScript" tests="6" failures="0" timestamp="20 Feb 2019 13:23:50 GMT" time="193.491" errors="0">
  <testcase name="Aadhar_Login_BlankUserName_ValidPwd" time="126.550" classname="Scripts.AadharLoginTestScript"/>
  <testcase name="Aadhar_Login_InvalidUserName" time="13.870" classname="Scripts.AadharLoginTestScript"/>
  <testcase name="Aadhar_Login_ValidUserName_BlankPwd" time="13.036" classname="Scripts.AadharLoginTestScript"/>
  <testcase name="Aadhar_Login_ValidUserName_InvalidPwd" time="12.969" classname="Scripts.AadharLoginTestScript"/>
  <testcase name="Aadhar_Login_ValidUserName_ValidPwd" time="13.986" classname="Scripts.AadharLoginTestScript"/>
  <testcase name="Aadhar_Login_BlankUserName_BlankPwd" time="13.080" classname="Scripts.AadharLoginTestScript"/>
</testsuite> <!-- Scripts.AadharLoginTestScript -->
