<?xml version="1.0" encoding="UTF-8"?>
<!-- Generated by org.testng.reporters.JUnitReportReporter -->
<testsuite hostname="HDRRPA2" name="Scripts.NSDLVerificationTestScript" tests="3" failures="0" timestamp="20 Feb 2019 13:23:50 GMT" time="44.731" errors="0">
  <testcase name="blank_pan_id" time="14.635" classname="Scripts.NSDLVerificationTestScript"/>
  <testcase name="invalid_pan_id" time="15.022" classname="Scripts.NSDLVerificationTestScript"/>
  <testcase name="valid_pan_id" time="15.074" classname="Scripts.NSDLVerificationTestScript"/>
</testsuite> <!-- Scripts.NSDLVerificationTestScript -->
