<?xml version="1.0" encoding="UTF-8"?>
<!-- Generated by org.testng.reporters.JUnitReportReporter -->
<testsuite hostname="HDRRPA2" name="Scripts.PassportLoginTestScript" tests="6" failures="0" timestamp="20 Feb 2019 13:23:50 GMT" time="62.029" errors="0">
  <testcase name="Passport_Login_ValidUserName_BlankPwd" time="9.747" classname="Scripts.PassportLoginTestScript"/>
  <testcase name="Passport_Login_InvalidUserName" time="9.270" classname="Scripts.PassportLoginTestScript"/>
  <testcase name="Passport_Login_BlankUserName_ValidPwd" time="9.456" classname="Scripts.PassportLoginTestScript"/>
  <testcase name="Passport_Login_BlankUserName_BlankPwd" time="9.693" classname="Scripts.PassportLoginTestScript"/>
  <testcase name="Passport_Login_ValidUserName_InvalidPwd" time="11.441" classname="Scripts.PassportLoginTestScript"/>
  <testcase name="Passport_Login_ValidUserName_ValidPwd" time="12.422" classname="Scripts.PassportLoginTestScript"/>
</testsuite> <!-- Scripts.PassportLoginTestScript -->
