<?xml version="1.0" encoding="UTF-8"?>
<!-- Generated by org.testng.reporters.JUnitReportReporter -->
<testsuite hostname="HDRRPA2" name="Scripts.AadharVerificationTestScript" tests="3" failures="0" timestamp="20 Feb 2019 13:23:50 GMT" time="45.662" errors="0">
  <testcase name="invalid_aadhar_id" time="15.373" classname="Scripts.AadharVerificationTestScript"/>
  <testcase name="blank_aadhar_id" time="15.148" classname="Scripts.AadharVerificationTestScript"/>
  <testcase name="valid_aadhar_id" time="15.141" classname="Scripts.AadharVerificationTestScript"/>
</testsuite> <!-- Scripts.AadharVerificationTestScript -->
