<?xml version="1.0" encoding="UTF-8"?>
<!-- Generated by org.testng.reporters.JUnitReportReporter -->
<testsuite hostname="HDRRPA2" name="Scripts.PassportVerificationTestScript" tests="3" failures="0" timestamp="20 Feb 2019 13:01:03 GMT" time="42.938" errors="0">
  <testcase name="invalid_passport_number" time="13.858" classname="Scripts.PassportVerificationTestScript"/>
  <testcase name="valid_passport_number" time="14.192" classname="Scripts.PassportVerificationTestScript"/>
  <testcase name="blank_passport_number" time="14.888" classname="Scripts.PassportVerificationTestScript"/>
</testsuite> <!-- Scripts.PassportVerificationTestScript -->
