<?xml version="1.0" encoding="UTF-8"?>
<!-- Generated by org.testng.reporters.JUnitReportReporter -->
<testsuite hostname="HDRRPA2" name="Scripts.NSDLLoginScript" tests="1" failures="0" timestamp="13 Feb 2019 06:27:45 GMT" time="16.160" errors="0">
  <testcase name="NSDL_Login_ValidUserName_ValidPwd" time="16.160" classname="Scripts.NSDLLoginScript"/>
</testsuite> <!-- Scripts.NSDLLoginScript -->
