<?xml version="1.0" encoding="UTF-8"?>
<!-- Generated by org.testng.reporters.JUnitReportReporter -->
<testsuite hostname="HDRRPA2" name="Scripts.AadharLoginTestScript" tests="6" failures="0" timestamp="20 Feb 2019 11:54:02 GMT" time="81.467" errors="0">
  <testcase name="Aadhar_Login_BlankUserName_BlankPwd" time="13.951" classname="Scripts.AadharLoginTestScript"/>
  <testcase name="Aadhar_Login_BlankUserName_ValidPwd" time="13.634" classname="Scripts.AadharLoginTestScript"/>
  <testcase name="Aadhar_Login_InvalidUserName" time="12.936" classname="Scripts.AadharLoginTestScript"/>
  <testcase name="Aadhar_Login_ValidUserName_ValidPwd" time="14.348" classname="Scripts.AadharLoginTestScript"/>
  <testcase name="Aadhar_Login_ValidUserName_BlankPwd" time="13.460" classname="Scripts.AadharLoginTestScript"/>
  <testcase name="Aadhar_Login_ValidUserName_InvalidPwd" time="13.138" classname="Scripts.AadharLoginTestScript"/>
</testsuite> <!-- Scripts.AadharLoginTestScript -->
