<?xml version="1.0" encoding="UTF-8"?>
<!-- Generated by org.testng.reporters.JUnitReportReporter -->
<testsuite hostname="HDRRPA2" name="Scripts.Userscript" tests="10" failures="0" timestamp="12 Feb 2019 04:56:01 GMT" time="99.627" errors="0">
  <testcase name="RegistrationFormTest_EmptyEmailId" time="9.576" classname="Scripts.Userscript"/>
  <testcase name="RegistrationFormTest_EmptyFlatNoOrBuildingName" time="9.622" classname="Scripts.Userscript"/>
  <testcase name="RegistrationFormTest_EmptyLastName" time="9.868" classname="Scripts.Userscript"/>
  <testcase name="RegistrationFormTest_EmptyMiddleName" time="11.987" classname="Scripts.Userscript"/>
  <testcase name="RegistrationFormTest_EmptyMobileNumber" time="9.665" classname="Scripts.Userscript"/>
  <testcase name="RegistrationFormTest_EmptySourceOfFunds" time="9.705" classname="Scripts.Userscript"/>
  <testcase name="RegistrationFormTest_EmptyCity" time="9.529" classname="Scripts.Userscript"/>
  <testcase name="RegistrationFormTest_EmptyPanNumber" time="10.391" classname="Scripts.Userscript"/>
  <testcase name="RegistrationFormTest_EmptyAadharNumber" time="9.650" classname="Scripts.Userscript"/>
  <testcase name="RegistrationFormTest_EmptyFirstName" time="9.634" classname="Scripts.Userscript"/>
</testsuite> <!-- Scripts.Userscript -->
