<?xml version="1.0" encoding="UTF-8"?>
<!-- Generated by org.testng.reporters.JUnitReportReporter -->
<testsuite hostname="HDRRPA2" name="Scripts.LoginTestScript" tests="6" failures="0" timestamp="20 Feb 2019 13:01:03 GMT" time="37.436" errors="0">
  <testcase name="Home_Login_BlankUserName_BlankPwd" time="6.231" classname="Scripts.LoginTestScript"/>
  <testcase name="Home_Login_ValidUserName_InvalidPwd" time="5.766" classname="Scripts.LoginTestScript"/>
  <testcase name="Home_Login_InvalidUserName" time="6.146" classname="Scripts.LoginTestScript"/>
  <testcase name="Home_Login_ValidUserName_BlankPwd" time="6.319" classname="Scripts.LoginTestScript"/>
  <testcase name="Home_Login_BlankUserName_ValidPwd" time="6.006" classname="Scripts.LoginTestScript"/>
  <testcase name="Home_Login_ValidUserName_ValidPwd" time="6.968" classname="Scripts.LoginTestScript"/>
</testsuite> <!-- Scripts.LoginTestScript -->
