<?xml version="1.0" encoding="UTF-8"?>
<!-- Generated by org.testng.reporters.JUnitReportReporter -->
<testsuite hostname="HDRRPA2" name="Scripts.UpdateTestScript" tests="1" failures="0" timestamp="20 Feb 2019 11:57:17 GMT" time="8.187" errors="0">
  <testcase name="Update_FileUpload" time="8.187" classname="Scripts.UpdateTestScript"/>
</testsuite> <!-- Scripts.UpdateTestScript -->
