<?xml version="1.0" encoding="UTF-8"?>
<!-- Generated by org.testng.reporters.JUnitReportReporter -->
<testsuite hostname="HDRRPA2" name="Scripts.LoginTestScript" tests="6" failures="0" timestamp="20 Feb 2019 11:54:02 GMT" time="34.490" errors="0">
  <testcase name="Home_Login_ValidUserName_InvalidPwd" time="5.656" classname="Scripts.LoginTestScript"/>
  <testcase name="Home_Login_InvalidUserName" time="6.218" classname="Scripts.LoginTestScript"/>
  <testcase name="Home_Login_ValidUserName_ValidPwd" time="6.192" classname="Scripts.LoginTestScript"/>
  <testcase name="Home_Login_BlankUserName_ValidPwd" time="5.038" classname="Scripts.LoginTestScript"/>
  <testcase name="Home_Login_BlankUserName_BlankPwd" time="5.518" classname="Scripts.LoginTestScript"/>
  <testcase name="Home_Login_ValidUserName_BlankPwd" time="5.868" classname="Scripts.LoginTestScript"/>
</testsuite> <!-- Scripts.LoginTestScript -->
