<?xml version="1.0" encoding="UTF-8"?>
<!-- Generated by org.testng.reporters.JUnitReportReporter -->
<testsuite hostname="HDRRPA2" name="Scripts.PassportLoginTestScript" tests="6" failures="0" timestamp="20 Feb 2019 13:01:03 GMT" time="71.920" errors="0">
  <testcase name="Passport_Login_ValidUserName_BlankPwd" time="14.690" classname="Scripts.PassportLoginTestScript"/>
  <testcase name="Passport_Login_InvalidUserName" time="15.041" classname="Scripts.PassportLoginTestScript"/>
  <testcase name="Passport_Login_BlankUserName_ValidPwd" time="10.406" classname="Scripts.PassportLoginTestScript"/>
  <testcase name="Passport_Login_BlankUserName_BlankPwd" time="10.176" classname="Scripts.PassportLoginTestScript"/>
  <testcase name="Passport_Login_ValidUserName_InvalidPwd" time="10.187" classname="Scripts.PassportLoginTestScript"/>
  <testcase name="Passport_Login_ValidUserName_ValidPwd" time="11.420" classname="Scripts.PassportLoginTestScript"/>
</testsuite> <!-- Scripts.PassportLoginTestScript -->
