<?xml version="1.0" encoding="UTF-8"?>
<!-- Generated by org.testng.reporters.JUnitReportReporter -->
<testsuite hostname="HDRRPA2" name="Scripts.AadharVerificationTestScript" tests="3" failures="0" timestamp="20 Feb 2019 12:14:00 GMT" time="47.518" errors="0">
  <testcase name="invalid_aadhar_id" time="15.282" classname="Scripts.AadharVerificationTestScript"/>
  <testcase name="blank_aadhar_id" time="16.006" classname="Scripts.AadharVerificationTestScript"/>
  <testcase name="valid_aadhar_id" time="16.230" classname="Scripts.AadharVerificationTestScript"/>
</testsuite> <!-- Scripts.AadharVerificationTestScript -->
