<?xml version="1.0" encoding="UTF-8"?>
<!-- Generated by org.testng.reporters.JUnitReportReporter -->
<testsuite hostname="HDRRPA2" name="Scripts.UserTestScript" tests="10" failures="0" timestamp="13 Feb 2019 06:37:19 GMT" time="98.682" errors="0">
  <testcase name="RegistrationFormTest_EmptyMiddleName" time="16.017" classname="Scripts.UserTestScript"/>
  <testcase name="RegistrationFormTest_EmptyPanNumber" time="8.827" classname="Scripts.UserTestScript"/>
  <testcase name="RegistrationFormTest_EmptyLastName" time="8.852" classname="Scripts.UserTestScript"/>
  <testcase name="RegistrationFormTest_EmptyFirstName" time="8.702" classname="Scripts.UserTestScript"/>
  <testcase name="RegistrationFormTest_EmptyEmailId" time="8.733" classname="Scripts.UserTestScript"/>
  <testcase name="RegistrationFormTest_EmptyFlatNoOrBuildingName" time="8.881" classname="Scripts.UserTestScript"/>
  <testcase name="RegistrationFormTest_EmptyAadharNumber" time="11.085" classname="Scripts.UserTestScript"/>
  <testcase name="RegistrationFormTest_EmptySourceOfFunds" time="10.175" classname="Scripts.UserTestScript"/>
  <testcase name="RegistrationFormTest_EmptyCity" time="8.831" classname="Scripts.UserTestScript"/>
  <testcase name="RegistrationFormTest_EmptyMobileNumber" time="8.579" classname="Scripts.UserTestScript"/>
</testsuite> <!-- Scripts.UserTestScript -->
