<?xml version="1.0" encoding="UTF-8"?>
<!-- Generated by org.testng.reporters.JUnitReportReporter -->
<testsuite hostname="HDRRPA2" name="Scripts.UserTestScript" tests="10" failures="0" timestamp="20 Feb 2019 13:23:50 GMT" time="87.768" errors="0">
  <testcase name="RegistrationFormTest_EmptyEmailId" time="7.622" classname="Scripts.UserTestScript"/>
  <testcase name="RegistrationFormTest_EmptyFirstName" time="13.548" classname="Scripts.UserTestScript"/>
  <testcase name="RegistrationFormTest_EmptyLastName" time="7.878" classname="Scripts.UserTestScript"/>
  <testcase name="RegistrationFormTest_EmptyPanNumber" time="8.414" classname="Scripts.UserTestScript"/>
  <testcase name="RegistrationFormTest_EmptyFlatNoOrBuildingName" time="7.902" classname="Scripts.UserTestScript"/>
  <testcase name="RegistrationFormTest_EmptyMiddleName" time="8.888" classname="Scripts.UserTestScript"/>
  <testcase name="RegistrationFormTest_EmptySourceOfFunds" time="7.983" classname="Scripts.UserTestScript"/>
  <testcase name="RegistrationFormTest_EmptyMobileNumber" time="8.175" classname="Scripts.UserTestScript"/>
  <testcase name="RegistrationFormTest_EmptyCity" time="8.980" classname="Scripts.UserTestScript"/>
  <testcase name="RegistrationFormTest_EmptyAadharNumber" time="8.378" classname="Scripts.UserTestScript"/>
</testsuite> <!-- Scripts.UserTestScript -->
