<?xml version="1.0" encoding="UTF-8"?>
<!-- Generated by org.testng.reporters.JUnitReportReporter -->
<testsuite hostname="HDRRPA2" name="Scripts.DemoNSDLVerificationScript" tests="6" failures="0" timestamp="13 Feb 2019 05:46:40 GMT" time="64.132" errors="0">
  <testcase name="NSDL_Login_ValidUserName_InvalidPwd" time="10.666" classname="Scripts.DemoNSDLVerificationScript"/>
  <testcase name="NSDL_Login_BlankUserName_ValidPwd" time="9.745" classname="Scripts.DemoNSDLVerificationScript"/>
  <testcase name="NSDL_Login_InvalidUserName" time="9.767" classname="Scripts.DemoNSDLVerificationScript"/>
  <testcase name="NSDL_Login_ValidUserName_BlankPwd" time="9.852" classname="Scripts.DemoNSDLVerificationScript"/>
  <testcase name="NSDL_Login_ValidUserName_ValidPwd" time="12.433" classname="Scripts.DemoNSDLVerificationScript"/>
  <testcase name="NSDL_Login_BlankUserName_BlankPwd" time="11.669" classname="Scripts.DemoNSDLVerificationScript"/>
</testsuite> <!-- Scripts.DemoNSDLVerificationScript -->
