<?xml version="1.0" encoding="UTF-8"?>
<!-- Generated by org.testng.reporters.JUnitReportReporter -->
<testsuite hostname="HDRRPA2" name="Scripts.DemoPassportLoginScript" tests="1" failures="0" timestamp="13 Feb 2019 06:09:29 GMT" time="15.473" errors="0">
  <testcase name="Passport_Login_ValidUserName_ValidPwd" time="15.473" classname="Scripts.DemoPassportLoginScript"/>
</testsuite> <!-- Scripts.DemoPassportLoginScript -->
