<?xml version="1.0" encoding="UTF-8"?>
<!-- Generated by org.testng.reporters.JUnitReportReporter -->
<testsuite hostname="HDRRPA2" name="Scripts.AadharLoginTestScript" tests="6" failures="0" timestamp="20 Feb 2019 12:14:00 GMT" time="80.816" errors="0">
  <testcase name="Aadhar_Login_BlankUserName_BlankPwd" time="13.584" classname="Scripts.AadharLoginTestScript"/>
  <testcase name="Aadhar_Login_BlankUserName_ValidPwd" time="13.439" classname="Scripts.AadharLoginTestScript"/>
  <testcase name="Aadhar_Login_InvalidUserName" time="13.034" classname="Scripts.AadharLoginTestScript"/>
  <testcase name="Aadhar_Login_ValidUserName_ValidPwd" time="14.326" classname="Scripts.AadharLoginTestScript"/>
  <testcase name="Aadhar_Login_ValidUserName_BlankPwd" time="13.124" classname="Scripts.AadharLoginTestScript"/>
  <testcase name="Aadhar_Login_ValidUserName_InvalidPwd" time="13.309" classname="Scripts.AadharLoginTestScript"/>
</testsuite> <!-- Scripts.AadharLoginTestScript -->
