<?xml version="1.0" encoding="UTF-8"?>
<!-- Generated by org.testng.reporters.JUnitReportReporter -->
<testsuite hostname="HDRRPA2" name="Scripts.AadharLoginTestScript" tests="6" failures="0" timestamp="20 Feb 2019 13:01:03 GMT" time="83.309" errors="0">
  <testcase name="Aadhar_Login_BlankUserName_ValidPwd" time="13.913" classname="Scripts.AadharLoginTestScript"/>
  <testcase name="Aadhar_Login_InvalidUserName" time="13.752" classname="Scripts.AadharLoginTestScript"/>
  <testcase name="Aadhar_Login_ValidUserName_ValidPwd" time="14.794" classname="Scripts.AadharLoginTestScript"/>
  <testcase name="Aadhar_Login_ValidUserName_BlankPwd" time="13.420" classname="Scripts.AadharLoginTestScript"/>
  <testcase name="Aadhar_Login_ValidUserName_InvalidPwd" time="14.228" classname="Scripts.AadharLoginTestScript"/>
  <testcase name="Aadhar_Login_BlankUserName_BlankPwd" time="13.202" classname="Scripts.AadharLoginTestScript"/>
</testsuite> <!-- Scripts.AadharLoginTestScript -->
