<?xml version="1.0" encoding="UTF-8"?>
<!-- Generated by org.testng.reporters.JUnitReportReporter -->
<testsuite hostname="HDRRPA2" name="Scripts.NSDLLoginTestScript" tests="6" failures="0" timestamp="20 Feb 2019 11:54:02 GMT" time="76.681" errors="0">
  <testcase name="NSDL_Login_ValidUserName_InvalidPwd" time="11.925" classname="Scripts.NSDLLoginTestScript"/>
  <testcase name="NSDL_Login_BlankUserName_BlankPwd" time="11.943" classname="Scripts.NSDLLoginTestScript"/>
  <testcase name="NSDL_Login_InvalidUserName" time="12.404" classname="Scripts.NSDLLoginTestScript"/>
  <testcase name="NSDL_Login_ValidUserName_BlankPwd" time="13.478" classname="Scripts.NSDLLoginTestScript"/>
  <testcase name="NSDL_Login_ValidUserName_ValidPwd" time="14.152" classname="Scripts.NSDLLoginTestScript"/>
  <testcase name="NSDL_Login_BlankUserName_ValidPwd" time="12.779" classname="Scripts.NSDLLoginTestScript"/>
</testsuite> <!-- Scripts.NSDLLoginTestScript -->
